<?xml version="1.0" encoding="UTF-8"?>
<!-- Generated by org.testng.reporters.JUnitReportReporter -->
<testsuite hostname="WINDOWS-UNR7VLH" failures="0" tests="1" name="test.testng" time="0.041" errors="0" timestamp="2023-01-04T10:44:40 IST" skipped="0">
  <testcase classname="test.testng" name="get" time="0.041"/>
  <system-out/>
</testsuite> <!-- test.testng -->
